  AnimationController.cpp
  AnimGraph.cpp
  AnimNode.cpp
  GameObject.cpp
  LightBase.cpp
  StaticMeshBase.cpp
  Transform.cpp
  Particle.cpp
  Block.cpp
  BoxCollider.cpp
  Chara.cpp
  Ezreal_A.cpp
  Audio.cpp
  Keyboard.cpp
  Mouse.cpp
  Time.cpp
  CharacterAnimController.cpp
  DirectionalLight.cpp
  PointLight.cpp
  SpotLight.cpp
  AnimationClip.cpp
  SkeletalMesh.cpp
  StaticMeshCube.cpp
  Buffers.cpp
  Material.cpp
  Shader.cpp
  SkeletalMaterial.cpp
  Texture.cpp
  AnimationClipResource.cpp
  SkeletalMeshResource.cpp
  Minecraft.cpp
  ColliderBase.cpp
  FBXImporter.cpp
  Context.cpp
  Gui.cpp
  ObjectManager.cpp
  SceneManager.cpp
  ShaderManager.cpp
  TextureManager.cpp
  D3D.cpp
  Renderer.cpp
  Window.cpp
  BinaryFile.cpp
  Math.cpp
  MeshBuilder.cpp
  Path.cpp
  String.cpp
  Camera.cpp
  DepthStencil.cpp
  GBuffer.cpp
  LightingPass.cpp
  Projection.cpp
  RenderTarget.cpp
  Viewport.cpp
  StaticMeshCylinder.cpp
  StaticMeshSphere.cpp
  Framework.vcxproj -> C:\Users\user\Desktop\wjdrndud\Framework\Debug\Framework.exe
